<?xml version="1.0" encoding="UTF-8"?>
<!-- Generated by org.testng.reporters.JUnitReportReporter -->
<testsuite hostname="DESKTOP-8S6QOCR" failures="0" tests="1" name="baseSpiceJet.TestRoundTripSearchFlight" time="9.180" errors="0" timestamp="2024-06-06T16:56:56 IST" skipped="0">
  <testcase classname="baseSpiceJet.TestRoundTripSearchFlight" name="testRoundTripSearch" time="9.180"/>
  <system-out/>
</testsuite> <!-- baseSpiceJet.TestRoundTripSearchFlight -->
