<?xml version="1.0" encoding="UTF-8"?>
<!-- Generated by org.testng.reporters.JUnitReportReporter -->
<testsuite hostname="DESKTOP-8S6QOCR" failures="0" tests="1" name="baseSpiceJet.TestFillingBookingFormPaymentInfo" time="24.754" errors="0" timestamp="2024-06-06T17:02:46 IST" skipped="0">
  <testcase classname="baseSpiceJet.TestFillingBookingFormPaymentInfo" name="fillingBookingInfo" time="24.754"/>
  <system-out/>
</testsuite> <!-- baseSpiceJet.TestFillingBookingFormPaymentInfo -->
