<?xml version="1.0" encoding="UTF-8"?>
<!-- Generated by org.testng.reporters.JUnitReportReporter -->
<testsuite hostname="DESKTOP-8S6QOCR" failures="0" tests="1" name="baseSpiceJet.TC_05_BookingSpiceJetFlight" time="25.045" errors="0" timestamp="2024-06-06T17:23:40 IST" skipped="0">
  <testcase classname="baseSpiceJet.TC_05_BookingSpiceJetFlight" name="bookingFlight" time="25.045"/>
  <system-out/>
</testsuite> <!-- baseSpiceJet.TC_05_BookingSpiceJetFlight -->
