<?xml version="1.0" encoding="UTF-8"?>
<!-- Generated by org.testng.reporters.JUnitReportReporter -->
<testsuite hostname="DESKTOP-8S6QOCR" failures="0" tests="1" name="baseSpiceJet.TC_01_SpiceJetSignup" time="27.546" errors="0" timestamp="2024-06-06T18:02:15 IST" skipped="0">
  <testcase classname="baseSpiceJet.TC_01_SpiceJetSignup" name="testSignUp" time="27.546"/>
  <system-out/>
</testsuite> <!-- baseSpiceJet.TC_01_SpiceJetSignup -->
