<?xml version="1.0" encoding="UTF-8"?>
<!-- Generated by org.testng.reporters.JUnitReportReporter -->
<testsuite hostname="DESKTOP-8S6QOCR" failures="0" tests="1" name="baseSpiceJet.TestLoginSpiceJet" time="6.632" errors="0" timestamp="2024-06-06T17:05:59 IST" skipped="0">
  <testcase classname="baseSpiceJet.TestLoginSpiceJet" name="testLoginSpicsJet" time="6.632"/>
  <system-out/>
</testsuite> <!-- baseSpiceJet.TestLoginSpiceJet -->
