<?xml version="1.0" encoding="UTF-8"?>
<!-- Generated by org.testng.reporters.JUnitReportReporter -->
<testsuite hostname="DESKTOP-8S6QOCR" failures="0" tests="1" name="baseSpiceJet.TC_04_RoundTripSearchFlight" time="24.308" errors="0" timestamp="2024-06-07T08:50:41 IST" skipped="0">
  <testcase classname="baseSpiceJet.TC_04_RoundTripSearchFlight" name="testRoundTripSearch" time="24.308"/>
  <system-out/>
</testsuite> <!-- baseSpiceJet.TC_04_RoundTripSearchFlight -->
