<?xml version="1.0" encoding="UTF-8"?>
<!-- Generated by org.testng.reporters.JUnitReportReporter -->
<testsuite hostname="DESKTOP-8S6QOCR" failures="0" tests="1" name="baseSpiceJet.TestBookingSpiceJetFlight" time="10.927" errors="0" timestamp="2024-06-06T17:10:49 IST" skipped="0">
  <testcase classname="baseSpiceJet.TestBookingSpiceJetFlight" name="bookingFlight" time="10.927"/>
  <system-out/>
</testsuite> <!-- baseSpiceJet.TestBookingSpiceJetFlight -->
