<?xml version="1.0" encoding="UTF-8"?>
<!-- Generated by org.testng.reporters.JUnitReportReporter -->
<testsuite hostname="DESKTOP-8S6QOCR" failures="0" tests="1" name="baseSpiceJet.TestOneWaySearchFlightSpiceJet" time="9.423" errors="0" timestamp="2024-06-06T16:52:51 IST" skipped="0">
  <testcase classname="baseSpiceJet.TestOneWaySearchFlightSpiceJet" name="testSearchFlights" time="9.423"/>
  <system-out/>
</testsuite> <!-- baseSpiceJet.TestOneWaySearchFlightSpiceJet -->
