<?xml version="1.0" encoding="UTF-8"?>
<!-- Generated by org.testng.reporters.JUnitReportReporter -->
<testsuite hostname="DESKTOP-8S6QOCR" failures="0" tests="1" name="baseSpiceJet.TC_03_OneWaySearchFlightSpiceJet" time="22.548" errors="0" timestamp="2024-06-06T17:23:40 IST" skipped="0">
  <testcase classname="baseSpiceJet.TC_03_OneWaySearchFlightSpiceJet" name="testSearchFlights" time="22.548"/>
  <system-out/>
</testsuite> <!-- baseSpiceJet.TC_03_OneWaySearchFlightSpiceJet -->
