<?xml version="1.0" encoding="UTF-8"?>
<!-- Generated by org.testng.reporters.JUnitReportReporter -->
<testsuite hostname="DESKTOP-8S6QOCR" failures="0" tests="1" name="baseSpiceJet.TestSearchFlightSpiceJet" time="16.618" errors="0" timestamp="2024-06-01T12:59:42 IST" skipped="0">
  <testcase classname="baseSpiceJet.TestSearchFlightSpiceJet" name="testSearchFlights" time="16.618"/>
  <system-out/>
</testsuite> <!-- baseSpiceJet.TestSearchFlightSpiceJet -->
