<?xml version="1.0" encoding="UTF-8"?>
<!-- Generated by org.testng.reporters.JUnitReportReporter -->
<testsuite hostname="DESKTOP-8S6QOCR" failures="0" tests="1" name="baseSpiceJet.TC_03_OneWaySearchFlightSpiceJet" time="23.586" errors="0" timestamp="2024-06-07T08:50:41 IST" skipped="0">
  <testcase classname="baseSpiceJet.TC_03_OneWaySearchFlightSpiceJet" name="testSearchFlights" time="23.586"/>
  <system-out/>
</testsuite> <!-- baseSpiceJet.TC_03_OneWaySearchFlightSpiceJet -->
