<?xml version="1.0" encoding="UTF-8"?>
<!-- Generated by org.testng.reporters.JUnitReportReporter -->
<testsuite hostname="DESKTOP-8S6QOCR" failures="0" tests="1" name="baseSpiceJet.TestSpiceJetSignup" time="13.019" errors="0" timestamp="2024-06-06T16:34:23 IST" skipped="0">
  <testcase classname="baseSpiceJet.TestSpiceJetSignup" name="testSignUp" time="13.019"/>
  <system-out/>
</testsuite> <!-- baseSpiceJet.TestSpiceJetSignup -->
