<?xml version="1.0" encoding="UTF-8"?>
<!-- Generated by org.testng.reporters.JUnitReportReporter -->
<testsuite hostname="DESKTOP-8S6QOCR" failures="0" tests="1" name="baseSpiceJet.TestValidationOfFiledsSpicejet" time="1.784" errors="0" timestamp="2024-06-06T17:03:42 IST" skipped="0">
  <testcase classname="baseSpiceJet.TestValidationOfFiledsSpicejet" name="validationOfFiledsSpicejet" time="1.784"/>
  <system-out/>
</testsuite> <!-- baseSpiceJet.TestValidationOfFiledsSpicejet -->
